---------------------------
start from 0 to 0
0 0 0 0 0 0 0 0 0 0 
0 0 0 0 0 0 0 0 0 0 
0 0 1 0 0 0 1 0 0 0 
0 1 0 0 0 0 0 1 0 0 
0 0 1 0 0 0 0 0 0 0 
0 1 0 0 0 0 0 0 0 0 
0 1 0 0 0 0 0 0 0 0 
0 0 0 0 0 0 0 0 0 0 
0 0 1 0 0 0 1 0 0 0 
0 0 0 0 0 0 0 0 0 0 
-----------------------

---------------------------
start from 0 to 1
1 1 0 0 0 1 1 0 0 0 
1 0 0 0 0 1 1 0 0 0 
0 0 1 0 0 0 1 0 0 0 
0 1 0 0 0 0 0 1 0 1 
0 0 1 0 1 1 0 0 0 0 
0 1 0 0 0 0 0 0 1 1 
0 1 0 0 0 1 1 1 1 1 
1 0 0 0 0 1 1 0 0 0 
0 0 1 0 0 0 1 0 0 0 
1 1 1 1 0 0 0 1 0 0 
-----------------------

---------------------------
start from 0 to 2
1 1 0 0 0 1 1 0 0 0 
1 1 1 0 0 1 1 0 0 0 
0 0 1 0 0 0 1 1 0 0 
0 1 1 0 0 0 0 1 1 1 
0 0 1 1 1 1 1 1 0 0 
0 1 1 0 0 1 0 1 1 1 
0 1 1 0 0 1 1 1 1 1 
1 1 1 0 0 1 1 0 0 0 
0 0 1 0 0 0 1 1 0 0 
1 1 1 1 0 0 0 1 0 1 
-----------------------

---------------------------
start from 0 to 3
1 1 1 1 1 1 1 1 0 0 
1 1 1 0 0 1 1 1 0 0 
0 0 1 1 1 1 1 1 1 0 
0 1 1 1 0 0 1 1 1 1 
0 1 1 1 1 1 1 1 0 0 
0 1 1 1 0 1 1 1 1 1 
0 1 1 1 0 1 1 1 1 1 
1 1 1 0 0 1 1 1 0 0 
0 0 1 1 1 0 1 1 1 0 
1 1 1 1 0 0 0 1 0 1 
-----------------------

---------------------------
start from 0 to 4
1 1 1 1 1 1 1 1 0 0 
1 1 1 0 0 1 1 1 0 0 
1 1 1 1 1 1 1 1 1 1 
0 1 1 1 1 1 1 1 1 1 
1 1 1 1 1 1 1 1 0 0 
0 1 1 1 1 1 1 1 1 1 
0 1 1 1 1 1 1 1 1 1 
1 1 1 0 0 1 1 1 0 0 
1 1 1 1 1 0 1 1 1 1 
1 1 1 1 0 0 0 1 0 1 

wave is : 4
-----------------------

---------------------------
start from 0 to 5
1 1 1 1 1 1 1 1 0 0 
1 1 1 1 1 1 1 1 0 0 
1 1 1 1 1 1 1 1 1 1 
0 1 1 1 1 1 1 1 1 1 
1 1 1 1 1 1 1 1 1 1 
0 1 1 1 1 1 1 1 1 1 
0 1 1 1 1 1 1 1 1 1 
1 1 1 1 1 1 1 1 0 0 
1 1 1 1 1 0 1 1 1 1 
1 1 1 1 0 0 0 1 0 1 

wave is : 4
-----------------------

---------------------------
start from 0 to 6
1 1 1 1 1 1 1 1 1 0 
1 1 1 1 1 1 1 1 1 0 
1 1 1 1 1 1 1 1 1 1 
0 1 1 1 1 1 1 1 1 1 
1 1 1 1 1 1 1 1 1 1 
0 1 1 1 1 1 1 1 1 1 
0 1 1 1 1 1 1 1 1 1 
1 1 1 1 1 1 1 1 1 0 
1 1 1 1 1 0 1 1 1 1 
1 1 1 1 0 0 0 1 0 1 

wave is : 4
-----------------------

---------------------------
start from 0 to 7
1 1 1 1 1 1 1 1 1 0 
1 1 1 1 1 1 1 1 1 0 
1 1 1 1 1 1 1 1 1 1 
0 1 1 1 1 1 1 1 1 1 
1 1 1 1 1 1 1 1 1 1 
0 1 1 1 1 1 1 1 1 1 
0 1 1 1 1 1 1 1 1 1 
1 1 1 1 1 1 1 1 1 0 
1 1 1 1 1 0 1 1 1 1 
1 1 1 1 0 1 1 1 0 1 

wave is : 4
-----------------------

---------------------------
start from 0 to 8
1 1 1 1 1 1 1 1 1 1 
1 1 1 1 1 1 1 1 1 1 
1 1 1 1 1 1 1 1 1 1 
1 1 1 1 1 1 1 1 1 1 
1 1 1 1 1 1 1 1 1 1 
1 1 1 1 1 1 1 1 1 1 
1 1 1 1 1 1 1 1 1 1 
1 1 1 1 1 1 1 1 1 1 
1 1 1 1 1 1 1 1 1 1 
1 1 1 1 1 1 1 1 0 1 

wave is : 4
-----------------------

---------------------------
start from 0 to 9
1 1 1 1 1 1 1 1 1 1 
1 1 1 1 1 1 1 1 1 1 
1 1 1 1 1 1 1 1 1 1 
1 1 1 1 1 1 1 1 1 1 
1 1 1 1 1 1 1 1 1 1 
1 1 1 1 1 1 1 1 1 1 
1 1 1 1 1 1 1 1 1 1 
1 1 1 1 1 1 1 1 1 1 
1 1 1 1 1 1 1 1 1 1 
1 1 1 1 1 1 1 1 1 1 

wave is : 4
-----------------------

---------------------------
start from 1 to 1
1 1 0 0 0 1 1 0 0 0 
1 0 0 0 0 1 1 0 0 0 
0 0 0 0 0 0 0 0 0 0 
0 0 0 0 0 0 0 0 0 1 
0 0 0 0 1 1 0 0 0 0 
0 0 0 0 0 0 0 0 1 1 
0 0 0 0 0 1 1 1 1 1 
1 0 0 0 0 1 1 0 0 0 
0 0 0 0 0 0 0 0 0 0 
1 1 1 1 0 0 0 1 0 0 
-----------------------

---------------------------
start from 1 to 2
1 1 0 0 0 1 1 0 0 0 
1 1 1 0 0 1 1 0 0 0 
0 0 0 0 0 0 0 1 0 0 
0 0 1 0 0 0 0 0 1 1 
0 0 0 1 1 1 1 1 0 0 
0 0 1 0 0 1 0 1 1 1 
0 0 1 0 0 1 1 1 1 1 
1 1 1 0 0 1 1 0 0 0 
0 0 0 0 0 0 0 1 0 0 
1 1 1 1 0 0 0 1 0 1 
-----------------------

---------------------------
start from 1 to 3
1 1 1 1 1 1 1 1 0 0 
1 1 1 0 0 1 1 1 0 0 
0 0 0 1 1 1 0 1 1 0 
0 0 1 1 0 0 1 0 1 1 
0 1 0 1 1 1 1 1 0 0 
0 0 1 1 0 1 1 1 1 1 
0 0 1 1 0 1 1 1 1 1 
1 1 1 0 0 1 1 1 0 0 
0 0 0 1 1 0 0 1 1 0 
1 1 1 1 0 0 0 1 0 1 
-----------------------

---------------------------
start from 1 to 4
1 1 1 1 1 1 1 1 0 0 
1 1 1 0 0 1 1 1 0 0 
1 1 0 1 1 1 0 1 1 1 
0 0 1 1 1 1 1 0 1 1 
1 1 0 1 1 1 1 1 0 0 
0 0 1 1 1 1 1 1 1 1 
0 0 1 1 1 1 1 1 1 1 
1 1 1 0 0 1 1 1 0 0 
1 1 0 1 1 0 0 1 1 1 
1 1 1 1 0 0 0 1 0 1 

wave is : 3
-----------------------

---------------------------
start from 1 to 5
1 1 1 1 1 1 1 1 0 0 
1 1 1 1 1 1 1 1 0 0 
1 1 0 1 1 1 0 1 1 1 
0 0 1 1 1 1 1 0 1 1 
1 1 0 1 1 1 1 1 1 1 
0 0 1 1 1 1 1 1 1 1 
0 0 1 1 1 1 1 1 1 1 
1 1 1 1 1 1 1 1 0 0 
1 1 0 1 1 0 0 1 1 1 
1 1 1 1 0 0 0 1 0 1 

wave is : 3
-----------------------

---------------------------
start from 1 to 6
1 1 1 1 1 1 1 1 1 0 
1 1 1 1 1 1 1 1 1 0 
1 1 0 1 1 1 0 1 1 1 
0 0 1 1 1 1 1 0 1 1 
1 1 0 1 1 1 1 1 1 1 
0 0 1 1 1 1 1 1 1 1 
0 0 1 1 1 1 1 1 1 1 
1 1 1 1 1 1 1 1 1 0 
1 1 0 1 1 0 0 1 1 1 
1 1 1 1 0 0 0 1 0 1 

wave is : 3
-----------------------

---------------------------
start from 1 to 7
1 1 1 1 1 1 1 1 1 0 
1 1 1 1 1 1 1 1 1 0 
1 1 0 1 1 1 0 1 1 1 
0 0 1 1 1 1 1 0 1 1 
1 1 0 1 1 1 1 1 1 1 
0 0 1 1 1 1 1 1 1 1 
0 0 1 1 1 1 1 1 1 1 
1 1 1 1 1 1 1 1 1 0 
1 1 0 1 1 0 0 1 1 1 
1 1 1 1 0 1 1 1 0 1 

wave is : 3
-----------------------

---------------------------
start from 1 to 8
1 1 1 1 1 1 1 1 1 1 
1 1 1 1 1 1 1 1 1 1 
1 1 0 1 1 1 0 1 1 1 
1 0 1 1 1 1 1 0 1 1 
1 1 0 1 1 1 1 1 1 1 
1 0 1 1 1 1 1 1 1 1 
1 0 1 1 1 1 1 1 1 1 
1 1 1 1 1 1 1 1 1 1 
1 1 0 1 1 1 0 1 1 1 
1 1 1 1 1 1 1 1 0 1 

wave is : 3
-----------------------

---------------------------
start from 1 to 9
1 1 1 1 1 1 1 1 1 1 
1 1 1 1 1 1 1 1 1 1 
1 1 0 1 1 1 0 1 1 1 
1 0 1 1 1 1 1 0 1 1 
1 1 0 1 1 1 1 1 1 1 
1 0 1 1 1 1 1 1 1 1 
1 0 1 1 1 1 1 1 1 1 
1 1 1 1 1 1 1 1 1 1 
1 1 0 1 1 1 0 1 1 1 
1 1 1 1 1 1 1 1 1 1 

wave is : 3
-----------------------

---------------------------
start from 2 to 2
0 0 0 0 0 0 0 0 0 0 
0 1 1 0 0 0 0 0 0 0 
0 0 0 0 0 0 0 1 0 0 
0 0 1 0 0 0 0 0 1 0 
0 0 0 1 0 0 1 1 0 0 
0 0 1 0 0 1 0 1 0 0 
0 0 1 0 0 0 0 0 0 0 
0 1 1 0 0 0 0 0 0 0 
0 0 0 0 0 0 0 1 0 0 
0 0 0 0 0 0 0 0 0 1 
-----------------------

---------------------------
start from 2 to 3
0 0 1 1 1 0 0 1 0 0 
0 1 1 0 0 0 0 1 0 0 
0 0 0 1 1 1 0 1 1 0 
0 0 1 1 0 0 1 0 1 0 
0 1 0 1 0 0 1 1 0 0 
0 0 1 1 0 1 1 1 0 0 
0 0 1 1 0 0 0 0 0 0 
0 1 1 0 0 0 0 1 0 0 
0 0 0 1 1 0 0 1 1 0 
0 0 0 0 0 0 0 0 0 1 
-----------------------

---------------------------
start from 2 to 4
0 0 1 1 1 0 0 1 0 0 
0 1 1 0 0 0 0 1 0 0 
1 1 0 1 1 1 0 1 1 1 
0 0 1 1 1 1 1 0 1 0 
1 1 0 1 0 0 1 1 0 0 
0 0 1 1 1 1 1 1 0 0 
0 0 1 1 1 0 0 0 0 0 
0 1 1 0 0 0 0 1 0 0 
1 1 0 1 1 0 0 1 1 1 
0 0 0 0 0 0 0 0 0 1 
-----------------------

---------------------------
start from 2 to 5
0 0 1 1 1 0 0 1 0 0 
0 1 1 1 1 0 0 1 0 0 
1 1 0 1 1 1 0 1 1 1 
0 0 1 1 1 1 1 0 1 0 
1 1 0 1 0 0 1 1 1 1 
0 0 1 1 1 1 1 1 0 0 
0 0 1 1 1 0 0 0 0 0 
0 1 1 1 1 0 0 1 0 0 
1 1 0 1 1 0 0 1 1 1 
0 0 0 0 0 0 0 0 0 1 
-----------------------

---------------------------
start from 2 to 6
0 0 1 1 1 0 0 1 1 0 
0 1 1 1 1 0 0 1 1 0 
1 1 0 1 1 1 0 1 1 1 
0 0 1 1 1 1 1 0 1 0 
1 1 0 1 0 0 1 1 1 1 
0 0 1 1 1 1 1 1 0 0 
0 0 1 1 1 0 0 0 0 0 
0 1 1 1 1 0 0 1 1 0 
1 1 0 1 1 0 0 1 1 1 
0 0 0 0 0 0 0 0 0 1 
-----------------------

---------------------------
start from 2 to 7
0 0 1 1 1 0 0 1 1 0 
0 1 1 1 1 0 0 1 1 0 
1 1 0 1 1 1 0 1 1 1 
0 0 1 1 1 1 1 0 1 0 
1 1 0 1 0 0 1 1 1 1 
0 0 1 1 1 1 1 1 0 0 
0 0 1 1 1 0 0 0 0 0 
0 1 1 1 1 0 0 1 1 0 
1 1 0 1 1 0 0 1 1 1 
0 0 0 0 0 1 1 0 0 1 
-----------------------

---------------------------
start from 2 to 8
0 0 1 1 1 0 0 1 1 1 
0 1 1 1 1 0 0 1 1 1 
1 1 0 1 1 1 0 1 1 1 
1 0 1 1 1 1 1 0 1 0 
1 1 0 1 0 0 1 1 1 1 
1 0 1 1 1 1 1 1 0 0 
1 0 1 1 1 0 0 0 0 0 
0 1 1 1 1 0 0 1 1 1 
1 1 0 1 1 1 0 1 1 1 
0 0 0 0 1 1 1 0 0 1 
-----------------------

---------------------------
start from 2 to 9
0 0 1 1 1 0 0 1 1 1 
0 1 1 1 1 0 0 1 1 1 
1 1 0 1 1 1 0 1 1 1 
1 0 1 1 1 1 1 0 1 0 
1 1 0 1 0 0 1 1 1 1 
1 0 1 1 1 1 1 1 0 0 
1 0 1 1 1 0 0 0 0 0 
0 1 1 1 1 0 0 1 1 1 
1 1 0 1 1 1 0 1 1 1 
0 0 0 0 1 1 1 0 1 1 
-----------------------

---------------------------
start from 3 to 3
0 0 1 1 1 0 0 1 0 0 
0 0 0 0 0 0 0 1 0 0 
0 0 0 1 1 1 0 0 1 0 
0 0 0 1 0 0 1 0 0 0 
0 1 0 0 0 0 0 0 0 0 
0 0 0 1 0 0 1 0 0 0 
0 0 0 1 0 0 0 0 0 0 
0 0 0 0 0 0 0 1 0 0 
0 0 0 1 1 0 0 0 1 0 
0 0 0 0 0 0 0 0 0 0 
-----------------------

---------------------------
start from 3 to 4
0 0 1 1 1 0 0 1 0 0 
0 0 0 0 0 0 0 1 0 0 
1 1 0 1 1 1 0 0 1 1 
0 0 0 1 1 1 1 0 0 0 
1 1 0 0 0 0 0 0 0 0 
0 0 0 1 1 0 1 0 0 0 
0 0 0 1 1 0 0 0 0 0 
0 0 0 0 0 0 0 1 0 0 
1 1 0 1 1 0 0 0 1 1 
0 0 0 0 0 0 0 0 0 0 
-----------------------

---------------------------
start from 3 to 5
0 0 1 1 1 0 0 1 0 0 
0 0 0 1 1 0 0 1 0 0 
1 1 0 1 1 1 0 0 1 1 
0 0 0 1 1 1 1 0 0 0 
1 1 0 0 0 0 0 0 1 1 
0 0 0 1 1 0 1 0 0 0 
0 0 0 1 1 0 0 0 0 0 
0 0 0 1 1 0 0 1 0 0 
1 1 0 1 1 0 0 0 1 1 
0 0 0 0 0 0 0 0 0 0 
-----------------------

---------------------------
start from 3 to 6
0 0 1 1 1 0 0 1 1 0 
0 0 0 1 1 0 0 1 1 0 
1 1 0 1 1 1 0 0 1 1 
0 0 0 1 1 1 1 0 0 0 
1 1 0 0 0 0 0 0 1 1 
0 0 0 1 1 0 1 0 0 0 
0 0 0 1 1 0 0 0 0 0 
0 0 0 1 1 0 0 1 1 0 
1 1 0 1 1 0 0 0 1 1 
0 0 0 0 0 0 0 0 0 0 
-----------------------

---------------------------
start from 3 to 7
0 0 1 1 1 0 0 1 1 0 
0 0 0 1 1 0 0 1 1 0 
1 1 0 1 1 1 0 0 1 1 
0 0 0 1 1 1 1 0 0 0 
1 1 0 0 0 0 0 0 1 1 
0 0 0 1 1 0 1 0 0 0 
0 0 0 1 1 0 0 0 0 0 
0 0 0 1 1 0 0 1 1 0 
1 1 0 1 1 0 0 0 1 1 
0 0 0 0 0 1 1 0 0 0 
-----------------------

---------------------------
start from 3 to 8
0 0 1 1 1 0 0 1 1 1 
0 0 0 1 1 0 0 1 1 1 
1 1 0 1 1 1 0 0 1 1 
1 0 0 1 1 1 1 0 0 0 
1 1 0 0 0 0 0 0 1 1 
1 0 0 1 1 0 1 0 0 0 
1 0 0 1 1 0 0 0 0 0 
0 0 0 1 1 0 0 1 1 1 
1 1 0 1 1 1 0 0 1 1 
0 0 0 0 1 1 1 0 0 0 
-----------------------

---------------------------
start from 3 to 9
0 0 1 1 1 0 0 1 1 1 
0 0 0 1 1 0 0 1 1 1 
1 1 0 1 1 1 0 0 1 1 
1 0 0 1 1 1 1 0 0 0 
1 1 0 0 0 0 0 0 1 1 
1 0 0 1 1 0 1 0 0 0 
1 0 0 1 1 0 0 0 0 0 
0 0 0 1 1 0 0 1 1 1 
1 1 0 1 1 1 0 0 1 1 
0 0 0 0 1 1 1 0 1 0 
-----------------------

---------------------------
start from 4 to 4
0 0 0 0 0 0 0 0 0 0 
0 0 0 0 0 0 0 0 0 0 
1 1 0 0 0 0 0 0 0 1 
0 0 0 0 1 1 0 0 0 0 
1 0 0 0 0 0 0 0 0 0 
0 0 0 0 1 0 0 0 0 0 
0 0 0 0 1 0 0 0 0 0 
0 0 0 0 0 0 0 0 0 0 
1 1 0 0 0 0 0 0 0 1 
0 0 0 0 0 0 0 0 0 0 
-----------------------

---------------------------
start from 4 to 5
0 0 0 0 0 0 0 0 0 0 
0 0 0 1 1 0 0 0 0 0 
1 1 0 0 0 0 0 0 0 1 
0 0 0 0 1 1 0 0 0 0 
1 0 0 0 0 0 0 0 1 1 
0 0 0 0 1 0 0 0 0 0 
0 0 0 0 1 0 0 0 0 0 
0 0 0 1 1 0 0 0 0 0 
1 1 0 0 0 0 0 0 0 1 
0 0 0 0 0 0 0 0 0 0 
-----------------------

---------------------------
start from 4 to 6
0 0 0 0 0 0 0 0 1 0 
0 0 0 1 1 0 0 0 1 0 
1 1 0 0 0 0 0 0 0 1 
0 0 0 0 1 1 0 0 0 0 
1 0 0 0 0 0 0 0 1 1 
0 0 0 0 1 0 0 0 0 0 
0 0 0 0 1 0 0 0 0 0 
0 0 0 1 1 0 0 0 1 0 
1 1 0 0 0 0 0 0 0 1 
0 0 0 0 0 0 0 0 0 0 
-----------------------

---------------------------
start from 4 to 7
0 0 0 0 0 0 0 0 1 0 
0 0 0 1 1 0 0 0 1 0 
1 1 0 0 0 0 0 0 0 1 
0 0 0 0 1 1 0 0 0 0 
1 0 0 0 0 0 0 0 1 1 
0 0 0 0 1 0 0 0 0 0 
0 0 0 0 1 0 0 0 0 0 
0 0 0 1 1 0 0 0 1 0 
1 1 0 0 0 0 0 0 0 1 
0 0 0 0 0 1 1 0 0 0 
-----------------------

---------------------------
start from 4 to 8
0 0 0 0 0 0 0 0 1 1 
0 0 0 1 1 0 0 0 1 1 
1 1 0 0 0 0 0 0 0 1 
1 0 0 0 1 1 0 0 0 0 
1 0 0 0 0 0 0 0 1 1 
1 0 0 0 1 0 0 0 0 0 
1 0 0 0 1 0 0 0 0 0 
0 0 0 1 1 0 0 0 1 1 
1 1 0 0 0 1 0 0 0 1 
0 0 0 0 1 1 1 0 0 0 
-----------------------

---------------------------
start from 4 to 9
0 0 0 0 0 0 0 0 1 1 
0 0 0 1 1 0 0 0 1 1 
1 1 0 0 0 0 0 0 0 1 
1 0 0 0 1 1 0 0 0 0 
1 0 0 0 0 0 0 0 1 1 
1 0 0 0 1 0 0 0 0 0 
1 0 0 0 1 0 0 0 0 0 
0 0 0 1 1 0 0 0 1 1 
1 1 0 0 0 1 0 0 0 1 
0 0 0 0 1 1 1 0 1 0 
-----------------------

---------------------------
start from 5 to 5
0 0 0 0 0 0 0 0 0 0 
0 0 0 1 1 0 0 0 0 0 
0 0 0 0 0 0 0 0 0 0 
0 0 0 0 0 0 0 0 0 0 
0 0 0 0 0 0 0 0 1 1 
0 0 0 0 0 0 0 0 0 0 
0 0 0 0 0 0 0 0 0 0 
0 0 0 1 1 0 0 0 0 0 
0 0 0 0 0 0 0 0 0 0 
0 0 0 0 0 0 0 0 0 0 
-----------------------

---------------------------
start from 5 to 6
0 0 0 0 0 0 0 0 1 0 
0 0 0 1 1 0 0 0 1 0 
0 0 0 0 0 0 0 0 0 0 
0 0 0 0 0 0 0 0 0 0 
0 0 0 0 0 0 0 0 1 1 
0 0 0 0 0 0 0 0 0 0 
0 0 0 0 0 0 0 0 0 0 
0 0 0 1 1 0 0 0 1 0 
0 0 0 0 0 0 0 0 0 0 
0 0 0 0 0 0 0 0 0 0 
-----------------------

---------------------------
start from 5 to 7
0 0 0 0 0 0 0 0 1 0 
0 0 0 1 1 0 0 0 1 0 
0 0 0 0 0 0 0 0 0 0 
0 0 0 0 0 0 0 0 0 0 
0 0 0 0 0 0 0 0 1 1 
0 0 0 0 0 0 0 0 0 0 
0 0 0 0 0 0 0 0 0 0 
0 0 0 1 1 0 0 0 1 0 
0 0 0 0 0 0 0 0 0 0 
0 0 0 0 0 1 1 0 0 0 
-----------------------

---------------------------
start from 5 to 8
0 0 0 0 0 0 0 0 1 1 
0 0 0 1 1 0 0 0 1 1 
0 0 0 0 0 0 0 0 0 0 
1 0 0 0 0 0 0 0 0 0 
0 0 0 0 0 0 0 0 1 1 
1 0 0 0 0 0 0 0 0 0 
1 0 0 0 0 0 0 0 0 0 
0 0 0 1 1 0 0 0 1 1 
0 0 0 0 0 1 0 0 0 0 
0 0 0 0 1 1 1 0 0 0 
-----------------------

---------------------------
start from 5 to 9
0 0 0 0 0 0 0 0 1 1 
0 0 0 1 1 0 0 0 1 1 
0 0 0 0 0 0 0 0 0 0 
1 0 0 0 0 0 0 0 0 0 
0 0 0 0 0 0 0 0 1 1 
1 0 0 0 0 0 0 0 0 0 
1 0 0 0 0 0 0 0 0 0 
0 0 0 1 1 0 0 0 1 1 
0 0 0 0 0 1 0 0 0 0 
0 0 0 0 1 1 1 0 1 0 
-----------------------

---------------------------
start from 6 to 6
0 0 0 0 0 0 0 0 1 0 
0 0 0 0 0 0 0 0 1 0 
0 0 0 0 0 0 0 0 0 0 
0 0 0 0 0 0 0 0 0 0 
0 0 0 0 0 0 0 0 0 0 
0 0 0 0 0 0 0 0 0 0 
0 0 0 0 0 0 0 0 0 0 
0 0 0 0 0 0 0 0 1 0 
0 0 0 0 0 0 0 0 0 0 
0 0 0 0 0 0 0 0 0 0 
-----------------------

---------------------------
start from 6 to 7
0 0 0 0 0 0 0 0 1 0 
0 0 0 0 0 0 0 0 1 0 
0 0 0 0 0 0 0 0 0 0 
0 0 0 0 0 0 0 0 0 0 
0 0 0 0 0 0 0 0 0 0 
0 0 0 0 0 0 0 0 0 0 
0 0 0 0 0 0 0 0 0 0 
0 0 0 0 0 0 0 0 1 0 
0 0 0 0 0 0 0 0 0 0 
0 0 0 0 0 1 1 0 0 0 
-----------------------

---------------------------
start from 6 to 8
0 0 0 0 0 0 0 0 1 1 
0 0 0 0 0 0 0 0 1 1 
0 0 0 0 0 0 0 0 0 0 
1 0 0 0 0 0 0 0 0 0 
0 0 0 0 0 0 0 0 0 0 
1 0 0 0 0 0 0 0 0 0 
1 0 0 0 0 0 0 0 0 0 
0 0 0 0 0 0 0 0 1 1 
0 0 0 0 0 1 0 0 0 0 
0 0 0 0 1 1 1 0 0 0 
-----------------------

---------------------------
start from 6 to 9
0 0 0 0 0 0 0 0 1 1 
0 0 0 0 0 0 0 0 1 1 
0 0 0 0 0 0 0 0 0 0 
1 0 0 0 0 0 0 0 0 0 
0 0 0 0 0 0 0 0 0 0 
1 0 0 0 0 0 0 0 0 0 
1 0 0 0 0 0 0 0 0 0 
0 0 0 0 0 0 0 0 1 1 
0 0 0 0 0 1 0 0 0 0 
0 0 0 0 1 1 1 0 1 0 
-----------------------

---------------------------
start from 7 to 7
0 0 0 0 0 0 0 0 0 0 
0 0 0 0 0 0 0 0 0 0 
0 0 0 0 0 0 0 0 0 0 
0 0 0 0 0 0 0 0 0 0 
0 0 0 0 0 0 0 0 0 0 
0 0 0 0 0 0 0 0 0 0 
0 0 0 0 0 0 0 0 0 0 
0 0 0 0 0 0 0 0 0 0 
0 0 0 0 0 0 0 0 0 0 
0 0 0 0 0 1 1 0 0 0 
-----------------------

---------------------------
start from 7 to 8
0 0 0 0 0 0 0 0 0 1 
0 0 0 0 0 0 0 0 0 1 
0 0 0 0 0 0 0 0 0 0 
1 0 0 0 0 0 0 0 0 0 
0 0 0 0 0 0 0 0 0 0 
1 0 0 0 0 0 0 0 0 0 
1 0 0 0 0 0 0 0 0 0 
0 0 0 0 0 0 0 0 0 1 
0 0 0 0 0 1 0 0 0 0 
0 0 0 0 1 1 1 0 0 0 
-----------------------

---------------------------
start from 7 to 9
0 0 0 0 0 0 0 0 0 1 
0 0 0 0 0 0 0 0 0 1 
0 0 0 0 0 0 0 0 0 0 
1 0 0 0 0 0 0 0 0 0 
0 0 0 0 0 0 0 0 0 0 
1 0 0 0 0 0 0 0 0 0 
1 0 0 0 0 0 0 0 0 0 
0 0 0 0 0 0 0 0 0 1 
0 0 0 0 0 1 0 0 0 0 
0 0 0 0 1 1 1 0 1 0 
-----------------------

---------------------------
start from 8 to 8
0 0 0 0 0 0 0 0 0 1 
0 0 0 0 0 0 0 0 0 1 
0 0 0 0 0 0 0 0 0 0 
1 0 0 0 0 0 0 0 0 0 
0 0 0 0 0 0 0 0 0 0 
1 0 0 0 0 0 0 0 0 0 
1 0 0 0 0 0 0 0 0 0 
0 0 0 0 0 0 0 0 0 1 
0 0 0 0 0 1 0 0 0 0 
0 0 0 0 1 0 0 0 0 0 
-----------------------

---------------------------
start from 8 to 9
0 0 0 0 0 0 0 0 0 1 
0 0 0 0 0 0 0 0 0 1 
0 0 0 0 0 0 0 0 0 0 
1 0 0 0 0 0 0 0 0 0 
0 0 0 0 0 0 0 0 0 0 
1 0 0 0 0 0 0 0 0 0 
1 0 0 0 0 0 0 0 0 0 
0 0 0 0 0 0 0 0 0 1 
0 0 0 0 0 1 0 0 0 0 
0 0 0 0 1 0 0 0 1 0 
-----------------------

---------------------------
start from 9 to 9
0 0 0 0 0 0 0 0 0 0 
0 0 0 0 0 0 0 0 0 0 
0 0 0 0 0 0 0 0 0 0 
0 0 0 0 0 0 0 0 0 0 
0 0 0 0 0 0 0 0 0 0 
0 0 0 0 0 0 0 0 0 0 
0 0 0 0 0 0 0 0 0 0 
0 0 0 0 0 0 0 0 0 0 
0 0 0 0 0 0 0 0 0 0 
0 0 0 0 0 0 0 0 1 0 
-----------------------

3
